#
# There is insufficient memory for the Java Runtime Environment to continue.
# Native memory allocation (malloc) failed to allocate 1952400 bytes for Chunk::new
# Possible reasons:
#   The system is out of physical RAM or swap space
#   In 32 bit mode, the process size limit was hit
# Possible solutions:
#   Reduce memory load on the system
#   Increase physical memory or swap space
#   Check if swap backing store is full
#   Use 64 bit Java on a 64 bit OS
#   Decrease Java heap size (-Xmx/-Xms)
#   Decrease number of Java threads
#   Decrease Java thread stack sizes (-Xss)
#   Set larger code cache with -XX:ReservedCodeCacheSize=
# This output file may be truncated or incomplete.
#
#  Out of Memory Error (allocation.cpp:390), pid=10324, tid=0x0000000000000b60
#
# JRE version: OpenJDK Runtime Environment (8.0_152-b01) (build 1.8.0_152-release-915-b01)
# Java VM: OpenJDK 64-Bit Server VM (25.152-b01 mixed mode windows-amd64 compressed oops)
# Failed to write core dump. Minidumps are not enabled by default on client versions of Windows
#

---------------  T H R E A D  ---------------

Current thread (0x0000000018ddd000):  JavaThread "C2 CompilerThread1" daemon [_thread_in_native, id=2912, stack(0x00000000197a0000,0x00000000198a0000)]

Stack: [0x00000000197a0000,0x00000000198a0000]
[error occurred during error reporting (printing stack bounds), id 0xc0000005]

Native frames: (J=compiled Java code, j=interpreted, Vv=VM code, C=native code)


Current CompileTask:
C2:  16829 4232       4       org.gradle.model.internal.type.ModelType::wrap (219 bytes)


---------------  P R O C E S S  ---------------

Java Threads: ( => current thread )
  0x00000000211be000 JavaThread "Memory manager" [_thread_blocked, id=7540, stack(0x0000000023950000,0x0000000023a50000)]
  0x00000000211c2800 JavaThread "build operations Thread 8" [_thread_blocked, id=14064, stack(0x0000000023250000,0x0000000023350000)]
  0x00000000211c1800 JavaThread "build operations Thread 7" [_thread_blocked, id=6188, stack(0x0000000023150000,0x0000000023250000)]
  0x00000000211c1000 JavaThread "build operations Thread 6" [_thread_blocked, id=13804, stack(0x0000000023050000,0x0000000023150000)]
  0x000000001c0a9000 JavaThread "build operations Thread 5" [_thread_blocked, id=11704, stack(0x0000000022f50000,0x0000000023050000)]
  0x000000001c0a8800 JavaThread "build operations Thread 4" [_thread_blocked, id=9928, stack(0x0000000022e50000,0x0000000022f50000)]
  0x000000001c0ab800 JavaThread "build operations Thread 3" [_thread_blocked, id=14624, stack(0x0000000022d50000,0x0000000022e50000)]
  0x000000001c0a7800 JavaThread "build operations Thread 2" [_thread_blocked, id=8884, stack(0x0000000022c50000,0x0000000022d50000)]
  0x000000001c0aa000 JavaThread "build operations" [_thread_blocked, id=8632, stack(0x0000000022b50000,0x0000000022c50000)]
  0x000000001c0a6000 JavaThread "Cache worker for Artifact transforms cache (C:\Users\WhoAmI\.gradle\caches\transforms-1)" [_thread_blocked, id=14016, stack(0x0000000022850000,0x0000000022950000)]
  0x000000001b7e6800 JavaThread "Cache worker for file hash cache (C:\Users\WhoAmI\Desktop\Source TLCN\StudyStudent\MVVMApplication\.gradle\4.1\fileHashes)" [_thread_blocked, id=14020, stack(0x000000001d9c0000,0x000000001dac0000)]
  0x000000001aaa7800 JavaThread "File lock request listener" [_thread_in_native, id=15532, stack(0x000000001d6c0000,0x000000001d7c0000)]
  0x000000001b6f7000 JavaThread "Cache worker for file hash cache (C:\Users\WhoAmI\.gradle\caches\4.1\fileHashes)" [_thread_blocked, id=10492, stack(0x000000001d5c0000,0x000000001d6c0000)]
  0x000000001ab3a000 JavaThread "Stdin handler" [_thread_blocked, id=14596, stack(0x000000001d3c0000,0x000000001d4c0000)]
  0x000000001aabb000 JavaThread "Asynchronous log dispatcher for DefaultDaemonConnection: socket connection from /127.0.0.1:59944 to /127.0.0.1:59945" [_thread_blocked, id=12868, stack(0x000000001d2c0000,0x000000001d3c0000)]
  0x000000001a8cd000 JavaThread "Daemon worker" [_thread_in_Java, id=6616, stack(0x000000001d1c0000,0x000000001d2c0000)]
  0x000000001b272000 JavaThread "Cancel handler" [_thread_blocked, id=10916, stack(0x000000001d0c0000,0x000000001d1c0000)]
  0x000000001b114800 JavaThread "Handler for socket connection from /127.0.0.1:59944 to /127.0.0.1:59945" [_thread_in_native, id=9436, stack(0x000000001cdc0000,0x000000001cec0000)]
  0x000000001b114000 JavaThread "Daemon" [_thread_blocked, id=4456, stack(0x000000001ccc0000,0x000000001cdc0000)]
  0x000000001a903000 JavaThread "Daemon periodic checks" [_thread_blocked, id=12756, stack(0x000000001cbc0000,0x000000001ccc0000)]
  0x000000001af44800 JavaThread "Incoming local TCP Connector on port 59944" [_thread_in_native, id=11624, stack(0x000000001c980000,0x000000001ca80000)]
  0x0000000018e6e800 JavaThread "Service Thread" daemon [_thread_blocked, id=12640, stack(0x0000000019aa0000,0x0000000019ba0000)]
  0x0000000016eee000 JavaThread "C1 CompilerThread3" daemon [_thread_blocked, id=9364, stack(0x00000000199a0000,0x0000000019aa0000)]
  0x0000000018de0800 JavaThread "C2 CompilerThread2" daemon [_thread_in_native, id=15456, stack(0x00000000198a0000,0x00000000199a0000)]
=>0x0000000018ddd000 JavaThread "C2 CompilerThread1" daemon [_thread_in_native, id=2912, stack(0x00000000197a0000,0x00000000198a0000)]
  0x0000000018dda000 JavaThread "C2 CompilerThread0" daemon [_thread_in_native, id=10404, stack(0x00000000196a0000,0x00000000197a0000)]
  0x0000000018dd9000 JavaThread "Attach Listener" daemon [_thread_blocked, id=13444, stack(0x00000000195a0000,0x00000000196a0000)]
  0x0000000018de5800 JavaThread "Signal Dispatcher" daemon [_thread_blocked, id=16008, stack(0x00000000194a0000,0x00000000195a0000)]
  0x0000000018dd0800 JavaThread "Finalizer" daemon [_thread_blocked, id=4280, stack(0x00000000191b0000,0x00000000192b0000)]
  0x0000000003117000 JavaThread "Reference Handler" daemon [_thread_blocked, id=11972, stack(0x0000000018cb0000,0x0000000018db0000)]
  0x000000000301e800 JavaThread "main" [_thread_blocked, id=10120, stack(0x0000000002ec0000,0x0000000002fc0000)]

Other Threads:
  0x0000000016ed5800 VMThread [stack: 0x0000000018bb0000,0x0000000018cb0000] [id=7836]
  0x0000000018e6f800 WatcherThread [stack: 0x0000000019ba0000,0x0000000019ca0000] [id=12456]

VM state:not at safepoint (normal execution)

VM Mutex/Monitor currently owned by a thread: None

Heap:
 PSYoungGen      total 110592K, used 14692K [0x00000000e0000000, 0x00000000e9f00000, 0x0000000100000000)
  eden space 97792K, 3% used [0x00000000e0000000,0x00000000e037f070,0x00000000e5f80000)
  from space 12800K, 86% used [0x00000000e9280000,0x00000000e9d5a080,0x00000000e9f00000)
  to   space 11776K, 0% used [0x00000000e5f80000,0x00000000e5f80000,0x00000000e6b00000)
 ParOldGen       total 97792K, used 17034K [0x00000000a0000000, 0x00000000a5f80000, 0x00000000e0000000)
  object space 97792K, 17% used [0x00000000a0000000,0x00000000a10a2850,0x00000000a5f80000)
 Metaspace       used 42033K, capacity 43176K, committed 43520K, reserved 1087488K
  class space    used 5649K, capacity 6019K, committed 6144K, reserved 1048576K

Card table byte_map: [0x00000000124e0000,0x00000000127f0000] byte_map_base: 0x0000000011fe0000

Marking Bits: (ParMarkBitMap*) 0x0000000070733950
 Begin Bits: [0x00000000131f0000, 0x00000000149f0000)
 End Bits:   [0x00000000149f0000, 0x00000000161f0000)

Polling page: 0x0000000001250000

CodeCache: size=245760Kb used=14677Kb max_used=14677Kb free=231082Kb
 bounds [0x0000000003120000, 0x0000000003f90000, 0x0000000012120000]
 total_blobs=4841 nmethods=4117 adapters=635
 compilation: enabled

Compilation events (10 events):
Event: 16.787 Thread 0x0000000016eee000 4674       1       com.google.common.cache.LocalCache$WeakEntry::getHash (5 bytes)
Event: 16.788 Thread 0x0000000016eee000 nmethod 4674 0x0000000003f7ee50 code [0x0000000003f7efa0, 0x0000000003f7f0b0]
Event: 16.790 Thread 0x0000000016eee000 4675   !   3       java.security.SecureClassLoader::getProtectionDomain (114 bytes)
Event: 16.791 Thread 0x0000000016eee000 nmethod 4675 0x0000000003f7e1d0 code [0x0000000003f7e380, 0x0000000003f7eb18]
Event: 16.810 Thread 0x0000000016eee000 4676       3       org.codehaus.groovy.reflection.stdclasses.CachedSAMClass$1::run (5 bytes)
Event: 16.810 Thread 0x0000000016eee000 nmethod 4676 0x0000000003f84350 code [0x0000000003f84500, 0x0000000003f848f8]
Event: 16.810 Thread 0x0000000016eee000 4677       3       org.codehaus.groovy.reflection.stdclasses.CachedSAMClass$1::run (8 bytes)
Event: 16.811 Thread 0x0000000016eee000 nmethod 4677 0x0000000003f83d50 code [0x0000000003f83ee0, 0x0000000003f841f8]
Event: 16.816 Thread 0x0000000016eee000 4678       3       java.lang.ClassLoader::defineClass (43 bytes)
Event: 16.817 Thread 0x0000000016eee000 nmethod 4678 0x0000000003f82a90 code [0x0000000003f82c80, 0x0000000003f83848]

GC Heap History (10 events):
Event: 6.305 GC heap before
{Heap before GC invocations=6 (full 1):
 PSYoungGen      total 71680K, used 66560K [0x00000000e0000000, 0x00000000e4b00000, 0x0000000100000000)
  eden space 66560K, 100% used [0x00000000e0000000,0x00000000e4100000,0x00000000e4100000)
  from space 5120K, 0% used [0x00000000e4600000,0x00000000e4600000,0x00000000e4b00000)
  to   space 5120K, 0% used [0x00000000e4100000,0x00000000e4100000,0x00000000e4600000)
 ParOldGen       total 63488K, used 9017K [0x00000000a0000000, 0x00000000a3e00000, 0x00000000e0000000)
  object space 63488K, 14% used [0x00000000a0000000,0x00000000a08ce630,0x00000000a3e00000)
 Metaspace       used 26054K, capacity 26656K, committed 26880K, reserved 1073152K
  class space    used 3545K, capacity 3721K, committed 3840K, reserved 1048576K
Event: 6.315 GC heap after
Heap after GC invocations=6 (full 1):
 PSYoungGen      total 71680K, used 5105K [0x00000000e0000000, 0x00000000e7600000, 0x0000000100000000)
  eden space 66560K, 0% used [0x00000000e0000000,0x00000000e0000000,0x00000000e4100000)
  from space 5120K, 99% used [0x00000000e4100000,0x00000000e45fc590,0x00000000e4600000)
  to   space 10240K, 0% used [0x00000000e6c00000,0x00000000e6c00000,0x00000000e7600000)
 ParOldGen       total 63488K, used 10642K [0x00000000a0000000, 0x00000000a3e00000, 0x00000000e0000000)
  object space 63488K, 16% used [0x00000000a0000000,0x00000000a0a64b88,0x00000000a3e00000)
 Metaspace       used 26054K, capacity 26656K, committed 26880K, reserved 1073152K
  class space    used 3545K, capacity 3721K, committed 3840K, reserved 1048576K
}
Event: 8.411 GC heap before
{Heap before GC invocations=7 (full 1):
 PSYoungGen      total 71680K, used 71665K [0x00000000e0000000, 0x00000000e7600000, 0x0000000100000000)
  eden space 66560K, 100% used [0x00000000e0000000,0x00000000e4100000,0x00000000e4100000)
  from space 5120K, 99% used [0x00000000e4100000,0x00000000e45fc590,0x00000000e4600000)
  to   space 10240K, 0% used [0x00000000e6c00000,0x00000000e6c00000,0x00000000e7600000)
 ParOldGen       total 63488K, used 10642K [0x00000000a0000000, 0x00000000a3e00000, 0x00000000e0000000)
  object space 63488K, 16% used [0x00000000a0000000,0x00000000a0a64b88,0x00000000a3e00000)
 Metaspace       used 31187K, capacity 32028K, committed 32384K, reserved 1077248K
  class space    used 4310K, capacity 4615K, committed 4736K, reserved 1048576K
Event: 8.421 GC heap after
Heap after GC invocations=7 (full 1):
 PSYoungGen      total 108032K, used 9821K [0x00000000e0000000, 0x00000000e7680000, 0x0000000100000000)
  eden space 97792K, 0% used [0x00000000e0000000,0x00000000e0000000,0x00000000e5f80000)
  from space 10240K, 95% used [0x00000000e6c00000,0x00000000e7597648,0x00000000e7600000)
  to   space 11776K, 0% used [0x00000000e5f80000,0x00000000e5f80000,0x00000000e6b00000)
 ParOldGen       total 63488K, used 10650K [0x00000000a0000000, 0x00000000a3e00000, 0x00000000e0000000)
  object space 63488K, 16% used [0x00000000a0000000,0x00000000a0a66b88,0x00000000a3e00000)
 Metaspace       used 31187K, capacity 32028K, committed 32384K, reserved 1077248K
  class space    used 4310K, capacity 4615K, committed 4736K, reserved 1048576K
}
Event: 15.506 GC heap before
{Heap before GC invocations=8 (full 1):
 PSYoungGen      total 108032K, used 79798K [0x00000000e0000000, 0x00000000e7680000, 0x0000000100000000)
  eden space 97792K, 71% used [0x00000000e0000000,0x00000000e4456578,0x00000000e5f80000)
  from space 10240K, 95% used [0x00000000e6c00000,0x00000000e7597648,0x00000000e7600000)
  to   space 11776K, 0% used [0x00000000e5f80000,0x00000000e5f80000,0x00000000e6b00000)
 ParOldGen       total 63488K, used 10650K [0x00000000a0000000, 0x00000000a3e00000, 0x00000000e0000000)
  object space 63488K, 16% used [0x00000000a0000000,0x00000000a0a66b88,0x00000000a3e00000)
 Metaspace       used 34334K, capacity 35364K, committed 35416K, reserved 1079296K
  class space    used 4699K, capacity 5071K, committed 5120K, reserved 1048576K
Event: 15.514 GC heap after
Heap after GC invocations=8 (full 1):
 PSYoungGen      total 109568K, used 10784K [0x00000000e0000000, 0x00000000e9f00000, 0x0000000100000000)
  eden space 97792K, 0% used [0x00000000e0000000,0x00000000e0000000,0x00000000e5f80000)
  from space 11776K, 91% used [0x00000000e5f80000,0x00000000e6a083e8,0x00000000e6b00000)
  to   space 12800K, 0% used [0x00000000e9280000,0x00000000e9280000,0x00000000e9f00000)
 ParOldGen       total 63488K, used 10722K [0x00000000a0000000, 0x00000000a3e00000, 0x00000000e0000000)
  object space 63488K, 16% used [0x00000000a0000000,0x00000000a0a78b98,0x00000000a3e00000)
 Metaspace       used 34334K, capacity 35364K, committed 35416K, reserved 1079296K
  class space    used 4699K, capacity 5071K, committed 5120K, reserved 1048576K
}
Event: 15.514 GC heap before
{Heap before GC invocations=9 (full 2):
 PSYoungGen      total 109568K, used 10784K [0x00000000e0000000, 0x00000000e9f00000, 0x0000000100000000)
  eden space 97792K, 0% used [0x00000000e0000000,0x00000000e0000000,0x00000000e5f80000)
  from space 11776K, 91% used [0x00000000e5f80000,0x00000000e6a083e8,0x00000000e6b00000)
  to   space 12800K, 0% used [0x00000000e9280000,0x00000000e9280000,0x00000000e9f00000)
 ParOldGen       total 63488K, used 10722K [0x00000000a0000000, 0x00000000a3e00000, 0x00000000e0000000)
  object space 63488K, 16% used [0x00000000a0000000,0x00000000a0a78b98,0x00000000a3e00000)
 Metaspace       used 34334K, capacity 35364K, committed 35416K, reserved 1079296K
  class space    used 4699K, capacity 5071K, committed 5120K, reserved 1048576K
Event: 15.580 GC heap after
Heap after GC invocations=9 (full 2):
 PSYoungGen      total 109568K, used 0K [0x00000000e0000000, 0x00000000e9f00000, 0x0000000100000000)
  eden space 97792K, 0% used [0x00000000e0000000,0x00000000e0000000,0x00000000e5f80000)
  from space 11776K, 0% used [0x00000000e5f80000,0x00000000e5f80000,0x00000000e6b00000)
  to   space 12800K, 0% used [0x00000000e9280000,0x00000000e9280000,0x00000000e9f00000)
 ParOldGen       total 97792K, used 17026K [0x00000000a0000000, 0x00000000a5f80000, 0x00000000e0000000)
  object space 97792K, 17% used [0x00000000a0000000,0x00000000a10a0850,0x00000000a5f80000)
 Metaspace       used 34334K, capacity 35364K, committed 35416K, reserved 1079296K
  class space    used 4699K, capacity 5071K, committed 5120K, reserved 1048576K
}
Event: 16.750 GC heap before
{Heap before GC invocations=10 (full 2):
 PSYoungGen      total 109568K, used 97792K [0x00000000e0000000, 0x00000000e9f00000, 0x0000000100000000)
  eden space 97792K, 100% used [0x00000000e0000000,0x00000000e5f80000,0x00000000e5f80000)
  from space 11776K, 0% used [0x00000000e5f80000,0x00000000e5f80000,0x00000000e6b00000)
  to   space 12800K, 0% used [0x00000000e9280000,0x00000000e9280000,0x00000000e9f00000)
 ParOldGen       total 97792K, used 17026K [0x00000000a0000000, 0x00000000a5f80000, 0x00000000e0000000)
  object space 97792K, 17% used [0x00000000a0000000,0x00000000a10a0850,0x00000000a5f80000)
 Metaspace       used 41841K, capacity 42932K, committed 43136K, reserved 1087488K
  class space    used 5612K, capacity 5982K, committed 6016K, reserved 1048576K
Event: 16.764 GC heap after
Heap after GC invocations=10 (full 2):
 PSYoungGen      total 110592K, used 11112K [0x00000000e0000000, 0x00000000e9f00000, 0x0000000100000000)
  eden space 97792K, 0% used [0x00000000e0000000,0x00000000e0000000,0x00000000e5f80000)
  from space 12800K, 86% used [0x00000000e9280000,0x00000000e9d5a080,0x00000000e9f00000)
  to   space 11776K, 0% used [0x00000000e5f80000,0x00000000e5f80000,0x00000000e6b00000)
 ParOldGen       total 97792K, used 17034K [0x00000000a0000000, 0x00000000a5f80000, 0x00000000e0000000)
  object space 97792K, 17% used [0x00000000a0000000,0x00000000a10a2850,0x00000000a5f80000)
 Metaspace       used 41841K, capacity 42932K, committed 43136K, reserved 1087488K
  class space    used 5612K, capacity 5982K, committed 6016K, reserved 1048576K
}

Deoptimization events (10 events):
Event: 16.291 Thread 0x000000001a8cd000 Uncommon trap: reason=unstable_if action=reinterpret pc=0x00000000036a1b04 method=java.util.jar.JarFile.maybeInstantiateVerifier()V @ 75
Event: 16.292 Thread 0x000000001a8cd000 Uncommon trap: reason=class_check action=maybe_recompile pc=0x000000000335c0e4 method=java.util.jar.JarFile.getJarEntry(Ljava/lang/String;)Ljava/util/jar/JarEntry; @ 2
Event: 16.292 Thread 0x000000001a8cd000 Uncommon trap: reason=class_check action=maybe_recompile pc=0x000000000335c0e4 method=java.util.jar.JarFile.getJarEntry(Ljava/lang/String;)Ljava/util/jar/JarEntry; @ 2
Event: 16.293 Thread 0x000000001a8cd000 Uncommon trap: reason=class_check action=maybe_recompile pc=0x000000000335c0e4 method=java.util.jar.JarFile.getJarEntry(Ljava/lang/String;)Ljava/util/jar/JarEntry; @ 2
Event: 16.293 Thread 0x000000001a8cd000 Uncommon trap: reason=unstable_if action=reinterpret pc=0x00000000034a1578 method=java.util.LinkedHashMap.get(Ljava/lang/Object;)Ljava/lang/Object; @ 20
Event: 16.301 Thread 0x000000001a8cd000 Uncommon trap: reason=class_check action=maybe_recompile pc=0x000000000335c0e4 method=java.util.jar.JarFile.getJarEntry(Ljava/lang/String;)Ljava/util/jar/JarEntry; @ 2
Event: 16.574 Thread 0x000000001a8cd000 Uncommon trap: reason=unstable_if action=reinterpret pc=0x0000000003e911fc method=java.security.CodeSource.matchCerts(Ljava/security/CodeSource;Z)Z @ 11
Event: 16.574 Thread 0x000000001a8cd000 Uncommon trap: reason=unstable_if action=reinterpret pc=0x0000000003ef7828 method=java.lang.ClassLoader.compareCerts([Ljava/security/cert/Certificate;[Ljava/security/cert/Certificate;)Z @ 1
Event: 16.636 Thread 0x000000001a8cd000 Uncommon trap: reason=unstable_if action=reinterpret pc=0x0000000003b2a9d8 method=java.security.CodeSource.matchCerts(Ljava/security/CodeSource;Z)Z @ 11
Event: 16.719 Thread 0x000000001a8cd000 Uncommon trap: reason=unstable_if action=reinterpret pc=0x0000000003eaac98 method=org.gradle.internal.reflect.PropertyAccessorType.of(Ljava/lang/reflect/Method;)Lorg/gradle/internal/reflect/PropertyAccessorType; @ 4

Classes redefined (0 events):
No events

Internal exceptions (10 events):
Event: 16.469 Thread 0x000000001a8cd000 Exception <a 'java/lang/ClassNotFoundException': com/android/build/gradle/internal/api/DefaultAndroidSourceSetCustomizer> (0x00000000e46400e8) thrown at [D:\src\AOSP-openjdk-cygwin\jdk8u\hotspot\src\share\vm\classfile\systemDictionary.cpp, line 210]
Event: 16.470 Thread 0x000000001a8cd000 Exception <a 'java/lang/ClassNotFoundException': com/android/build/gradle/internal/api/DefaultAndroidSourceSet_DecoratedCustomizer> (0x00000000e469b5b0) thrown at [D:\src\AOSP-openjdk-cygwin\jdk8u\hotspot\src\share\vm\classfile\systemDictionary.cpp, line 
Event: 16.659 Thread 0x000000001a8cd000 Exception <a 'java/lang/ClassNotFoundException': com/android/build/gradle/internal/dsl/BuildType_DecoratedBeanInfo> (0x00000000e5ac8b08) thrown at [D:\src\AOSP-openjdk-cygwin\jdk8u\hotspot\src\share\vm\classfile\systemDictionary.cpp, line 210]
Event: 16.659 Thread 0x000000001a8cd000 Exception <a 'java/lang/ClassNotFoundException': com/android/build/gradle/internal/dsl/BuildTypeBeanInfo> (0x00000000e5adc768) thrown at [D:\src\AOSP-openjdk-cygwin\jdk8u\hotspot\src\share\vm\classfile\systemDictionary.cpp, line 210]
Event: 16.659 Thread 0x000000001a8cd000 Exception <a 'java/lang/ClassNotFoundException': com/android/builder/core/DefaultBuildTypeBeanInfo> (0x00000000e5aef300) thrown at [D:\src\AOSP-openjdk-cygwin\jdk8u\hotspot\src\share\vm\classfile\systemDictionary.cpp, line 210]
Event: 16.661 Thread 0x000000001a8cd000 Exception <a 'java/lang/ClassNotFoundException': com/android/builder/internal/BaseConfigImplBeanInfo> (0x00000000e5b02bb0) thrown at [D:\src\AOSP-openjdk-cygwin\jdk8u\hotspot\src\share\vm\classfile\systemDictionary.cpp, line 210]
Event: 16.661 Thread 0x000000001a8cd000 Exception <a 'java/lang/ClassNotFoundException': com/android/builder/internal/BaseConfigImplCustomizer> (0x00000000e5b16ab8) thrown at [D:\src\AOSP-openjdk-cygwin\jdk8u\hotspot\src\share\vm\classfile\systemDictionary.cpp, line 210]
Event: 16.663 Thread 0x000000001a8cd000 Exception <a 'java/lang/ClassNotFoundException': com/android/builder/core/DefaultBuildTypeCustomizer> (0x00000000e5b538c8) thrown at [D:\src\AOSP-openjdk-cygwin\jdk8u\hotspot\src\share\vm\classfile\systemDictionary.cpp, line 210]
Event: 16.665 Thread 0x000000001a8cd000 Exception <a 'java/lang/ClassNotFoundException': com/android/build/gradle/internal/dsl/BuildTypeCustomizer> (0x00000000e5b82de0) thrown at [D:\src\AOSP-openjdk-cygwin\jdk8u\hotspot\src\share\vm\classfile\systemDictionary.cpp, line 210]
Event: 16.666 Thread 0x000000001a8cd000 Exception <a 'java/lang/ClassNotFoundException': com/android/build/gradle/internal/dsl/BuildType_DecoratedCustomizer> (0x00000000e5bde570) thrown at [D:\src\AOSP-openjdk-cygwin\jdk8u\hotspot\src\share\vm\classfile\systemDictionary.cpp, line 210]

Events (10 events):
Event: 16.819 loading class org/gradle/api/file/ConfigurableFileTree
Event: 16.819 loading class org/gradle/api/file/ConfigurableFileTree done
Event: 16.819 loading class com/android/build/gradle/api/SourceKind
Event: 16.819 loading class com/android/build/gradle/api/SourceKind done
Event: 16.819 loading class com/android/build/gradle/tasks/AidlCompile
Event: 16.819 loading class com/android/build/gradle/tasks/AidlCompile done
Event: 16.820 loading class com/android/build/gradle/tasks/NdkCompile
Event: 16.820 loading class com/android/build/gradle/tasks/NdkCompile done
Event: 16.821 loading class com/android/build/gradle/tasks/MergeSourceSetFolders
Event: 16.821 loading class com/android/build/gradle/tasks/MergeSourceSetFolders done


Dynamic libraries:
0x00007ff78e6e0000 - 0x00007ff78e711000 	C:\Program Files\Android\Android Studio\jre\bin\java.exe
0x00007ffc86a90000 - 0x00007ffc86c71000 	C:\WINDOWS\SYSTEM32\ntdll.dll
0x00007ffc842b0000 - 0x00007ffc84362000 	C:\WINDOWS\System32\KERNEL32.DLL
0x00007ffc82eb0000 - 0x00007ffc83123000 	C:\WINDOWS\System32\KERNELBASE.dll
0x00007ffc86490000 - 0x00007ffc86531000 	C:\WINDOWS\System32\ADVAPI32.dll
0x00007ffc847a0000 - 0x00007ffc8483e000 	C:\WINDOWS\System32\msvcrt.dll
0x00007ffc86670000 - 0x00007ffc866cb000 	C:\WINDOWS\System32\sechost.dll
0x00007ffc85e30000 - 0x00007ffc85f54000 	C:\WINDOWS\System32\RPCRT4.dll
0x00007ffc84410000 - 0x00007ffc845a0000 	C:\WINDOWS\System32\USER32.dll
0x00007ffc83c40000 - 0x00007ffc83c60000 	C:\WINDOWS\System32\win32u.dll
0x00007ffc849c0000 - 0x00007ffc849e8000 	C:\WINDOWS\System32\GDI32.dll
0x00007ffc83c60000 - 0x00007ffc83df2000 	C:\WINDOWS\System32\gdi32full.dll
0x00007ffc83e00000 - 0x00007ffc83e9f000 	C:\WINDOWS\System32\msvcp_win.dll
0x00007ffc83ae0000 - 0x00007ffc83bda000 	C:\WINDOWS\System32\ucrtbase.dll
0x00007ffc781f0000 - 0x00007ffc78459000 	C:\WINDOWS\WinSxS\amd64_microsoft.windows.common-controls_6595b64144ccf1df_6.0.17134.48_none_b4b2216a3cb4dd3e\COMCTL32.dll
0x00007ffc86730000 - 0x00007ffc86a53000 	C:\WINDOWS\System32\combase.dll
0x00007ffc83ea0000 - 0x00007ffc83f1a000 	C:\WINDOWS\System32\bcryptPrimitives.dll
0x00007ffc86010000 - 0x00007ffc8603d000 	C:\WINDOWS\System32\IMM32.DLL
0x0000000071bd0000 - 0x0000000071ca2000 	C:\Program Files\Android\Android Studio\jre\jre\bin\msvcr100.dll
0x000000006ff70000 - 0x00000000707ae000 	C:\Program Files\Android\Android Studio\jre\jre\bin\server\jvm.dll
0x00007ffc83f80000 - 0x00007ffc83f88000 	C:\WINDOWS\System32\PSAPI.DLL
0x00007ffc6daa0000 - 0x00007ffc6daa9000 	C:\WINDOWS\SYSTEM32\WSOCK32.dll
0x00007ffc845a0000 - 0x00007ffc8460c000 	C:\WINDOWS\System32\WS2_32.dll
0x00007ffc78630000 - 0x00007ffc78653000 	C:\WINDOWS\SYSTEM32\WINMM.dll
0x00007ffc7bfa0000 - 0x00007ffc7bfaa000 	C:\WINDOWS\SYSTEM32\VERSION.dll
0x00007ffc784f0000 - 0x00007ffc7851a000 	C:\WINDOWS\SYSTEM32\winmmbase.dll
0x00007ffc82e60000 - 0x00007ffc82ea9000 	C:\WINDOWS\System32\cfgmgr32.dll
0x00007ffc7ad10000 - 0x00007ffc7ad1f000 	C:\Program Files\Android\Android Studio\jre\jre\bin\verify.dll
0x00007ffc613f0000 - 0x00007ffc61419000 	C:\Program Files\Android\Android Studio\jre\jre\bin\java.dll
0x00007ffc612e0000 - 0x00007ffc612f6000 	C:\Program Files\Android\Android Studio\jre\jre\bin\zip.dll
0x00007ffc849f0000 - 0x00007ffc85e30000 	C:\WINDOWS\System32\SHELL32.dll
0x00007ffc85f60000 - 0x00007ffc86009000 	C:\WINDOWS\System32\shcore.dll
0x00007ffc833d0000 - 0x00007ffc83add000 	C:\WINDOWS\System32\windows.storage.dll
0x00007ffc83f20000 - 0x00007ffc83f71000 	C:\WINDOWS\System32\shlwapi.dll
0x00007ffc82e20000 - 0x00007ffc82e31000 	C:\WINDOWS\System32\kernel.appcore.dll
0x00007ffc82e00000 - 0x00007ffc82e1f000 	C:\WINDOWS\System32\profapi.dll
0x00007ffc82db0000 - 0x00007ffc82dfc000 	C:\WINDOWS\System32\powrprof.dll
0x00007ffc82da0000 - 0x00007ffc82daa000 	C:\WINDOWS\System32\FLTLIB.DLL
0x00007ffc5ade0000 - 0x00007ffc5adfa000 	C:\Program Files\Android\Android Studio\jre\jre\bin\net.dll
0x00007ffc82620000 - 0x00007ffc82686000 	C:\WINDOWS\system32\mswsock.dll
0x00007ffc56e70000 - 0x00007ffc56e81000 	C:\Program Files\Android\Android Studio\jre\jre\bin\nio.dll
0x00007ffc61220000 - 0x00007ffc6123e000 	C:\Users\WhoAmI\.gradle\native\25\windows-amd64\native-platform.dll
0x00007ffc7a290000 - 0x00007ffc7a29d000 	C:\Program Files\Android\Android Studio\jre\jre\bin\management.dll
0x00007ffc827e0000 - 0x00007ffc827f7000 	C:\WINDOWS\SYSTEM32\CRYPTSP.dll
0x00007ffc82200000 - 0x00007ffc82233000 	C:\WINDOWS\system32\rsaenh.dll
0x00007ffc82900000 - 0x00007ffc82925000 	C:\WINDOWS\SYSTEM32\bcrypt.dll
0x00007ffc82cd0000 - 0x00007ffc82cf8000 	C:\WINDOWS\SYSTEM32\USERENV.dll
0x00007ffc827d0000 - 0x00007ffc827db000 	C:\WINDOWS\SYSTEM32\CRYPTBASE.dll
0x00007ffc823a0000 - 0x00007ffc823d8000 	C:\WINDOWS\SYSTEM32\IPHLPAPI.DLL
0x00007ffc84380000 - 0x00007ffc84388000 	C:\WINDOWS\System32\NSI.dll
0x00007ffc78a40000 - 0x00007ffc78a56000 	C:\WINDOWS\SYSTEM32\dhcpcsvc6.DLL
0x00007ffc78a20000 - 0x00007ffc78a3a000 	C:\WINDOWS\SYSTEM32\dhcpcsvc.DLL

VM Arguments:
jvm_args: -Xmx1536m -Dfile.encoding=windows-1252 -Duser.country=US -Duser.language=en -Duser.variant 
java_command: org.gradle.launcher.daemon.bootstrap.GradleDaemon 4.1
java_class_path (initial): C:\Users\WhoAmI\.gradle\wrapper\dists\gradle-4.1-all\bzyivzo6n839fup2jbap0tjew\gradle-4.1\lib\gradle-launcher-4.1.jar
Launcher Type: SUN_STANDARD

Environment Variables:
JAVA_HOME=C:\Program Files\Java\jdk1.8.0_161
JRE_HOME=C:\Program Files\Java\jre1.8.0_161
PATH=E:\app\WhoAmI\virtual\product\12.2.0\dbhome_1\bin;C:\ProgramData\Oracle\Java\javapath;C:\WINDOWS\system32;C:\WINDOWS;C:\WINDOWS\System32\Wbem;C:\WINDOWS\System32\WindowsPowerShell\v1.0\;C:\Program Files\Java\jdk1.8.0_161;C:\Program Files\nodejs\;C:\Program Files\Git\cmd;C:\WINDOWS\system32\config\systemprofile\.dnx\bin;C:\Program Files\Microsoft DNX\Dnvm\;C:\Program Files\MySQL\MySQL Utilities 1.6\;C:\Program Files (x86)\Windows Kits\10\Windows Performance Toolkit\;C:\Program Files\apache-maven-3.5.3\bin;;C:\WINDOWS\System32\OpenSSH\;C:\Users\WhoAmI\.windows-build-tools\python27\;C:\Program Files\nodejs\node_modules\npm\bin\node-gyp-bin;C:\Users\WhoAmI\AppData\Roaming\npm\node_modules\windows-build-tools\node_modules\.bin;C:\Users\WhoAmI\AppData\Roaming\npm\node_modules\.bin;E:\app\WhoAmI\virtual\product\12.2.0\dbhome_1\bin;C:\ProgramData\Oracle\Java\javapath;C:\Windows\system32;C:\Windows;C:\Windows\System32\Wbem;C:\Windows\System32\WindowsPowerShell\v1.0\;C:\Program Files\Java\jdk-9.0.1\bin;C:\Program Files\nodejs\;C:\Program Files\Git\cmd;C:\Users\WhoAmI\.dnx\bin;C:\Program Files\Microsoft DNX\Dnvm\;C:\Users\WhoAmI\AppData\Local\Microsoft\WindowsApps;C:\Users\WhoAmI\AppData\Roaming\npm;C:\Program Files\Microsoft VS Code\bin;C:\apache-tomcat-9.0.2\bin;;C:\Users\WhoAmI\AppData\Local\Microsoft\WindowsApps
USERNAME=WhoAmI
OS=Windows_NT
PROCESSOR_IDENTIFIER=Intel64 Family 6 Model 60 Stepping 3, GenuineIntel



---------------  S Y S T E M  ---------------

OS: Windows 10.0 , 64 bit Build 17134 (10.0.17134.1)

CPU:total 8 (initial active 8) (4 cores per cpu, 2 threads per core) family 6 model 60 stepping 3, cmov, cx8, fxsr, mmx, sse, sse2, sse3, ssse3, sse4.1, sse4.2, popcnt, avx, avx2, aes, clmul, erms, lzcnt, ht, tsc, tscinvbit, bmi1, bmi2

Memory: 4k page, physical 8268724k(2324980k free), swap 33434548k(7536k free)

vm_info: OpenJDK 64-Bit Server VM (25.152-b01) for windows-amd64 JRE (1.8.0_152-release-915-b01), built by "builder" with MS VC++ 10.0 (VS2010)

time: Tue May 22 22:15:27 2018
elapsed time: 16 seconds (0d 0h 0m 16s)

